e:\calculator\calculator\debug\calculator.pch
e:\calculator\calculator\debug\vc120.pdb
e:\calculator\calculator\debug\vc120.idb
e:\calculator\calculator\debug\stdafx.obj
e:\calculator\calculator\debug\calculator.obj
e:\calculator\calculator\debug\calculatordlg.obj
e:\calculator\calculator\debug\expressionhandler.obj
e:\calculator\debug\calculator.ilk
e:\calculator\debug\calculator.exe
e:\calculator\debug\calculator.pdb
e:\calculator\calculator\debug\calculator.res
e:\calculator\calculator\debug\calculator.tlog\cl.command.1.tlog
e:\calculator\calculator\debug\calculator.tlog\cl.read.1.tlog
e:\calculator\calculator\debug\calculator.tlog\cl.write.1.tlog
e:\calculator\calculator\debug\calculator.tlog\link.command.1.tlog
e:\calculator\calculator\debug\calculator.tlog\link.read.1.tlog
e:\calculator\calculator\debug\calculator.tlog\link.write.1.tlog
e:\calculator\calculator\debug\calculator.tlog\rc.command.1.tlog
e:\calculator\calculator\debug\calculator.tlog\rc.read.1.tlog
e:\calculator\calculator\debug\calculator.tlog\rc.write.1.tlog
